::1 - - [23/Oct/2021:09:37:35 +0000] "GET / HTTP/1.1" 404 14 "-" "Mozilla/5.0 (X11; Linux x86_64) AppleWebKit/537.36 (KHTML, like Gecko) Chrome/95.0.4638.54 Safari/537.36"
::1 - - [23/Oct/2021:09:37:35 +0000] "GET /favicon.ico HTTP/1.1" 404 14 "http://localhost:3000/" "Mozilla/5.0 (X11; Linux x86_64) AppleWebKit/537.36 (KHTML, like Gecko) Chrome/95.0.4638.54 Safari/537.36"
::1 - - [23/Oct/2021:09:37:40 +0000] "GET /300 HTTP/1.1" 404 14 "-" "Mozilla/5.0 (X11; Linux x86_64) AppleWebKit/537.36 (KHTML, like Gecko) Chrome/95.0.4638.54 Safari/537.36"
::1 - - [23/Oct/2021:09:37:46 +0000] "GET /teams HTTP/1.1" 200 936 "-" "Mozilla/5.0 (X11; Linux x86_64) AppleWebKit/537.36 (KHTML, like Gecko) Chrome/95.0.4638.54 Safari/537.36"
::1 - - [23/Oct/2021:09:37:53 +0000] "GET /teams/chennai-super-kings HTTP/1.1" 200 1968 "-" "Mozilla/5.0 (X11; Linux x86_64) AppleWebKit/537.36 (KHTML, like Gecko) Chrome/95.0.4638.54 Safari/537.36"
::1 - - [23/Oct/2021:09:37:57 +0000] "GET /teams/chennai-super-king HTTP/1.1" 200 2 "-" "Mozilla/5.0 (X11; Linux x86_64) AppleWebKit/537.36 (KHTML, like Gecko) Chrome/95.0.4638.54 Safari/537.36"
::1 - - [23/Oct/2021:09:39:23 +0000] "GET /teams/chennai-super-king HTTP/1.1" 304 - "-" "Mozilla/5.0 (X11; Linux x86_64) AppleWebKit/537.36 (KHTML, like Gecko) Chrome/95.0.4638.54 Safari/537.36"
::1 - - [23/Oct/2021:09:39:26 +0000] "GET /teams/chennai-super-king HTTP/1.1" 304 - "-" "Mozilla/5.0 (X11; Linux x86_64) AppleWebKit/537.36 (KHTML, like Gecko) Chrome/95.0.4638.54 Safari/537.36"
::1 - - [23/Oct/2021:09:39:26 +0000] "GET /teams/chennai-super-king HTTP/1.1" 304 - "-" "Mozilla/5.0 (X11; Linux x86_64) AppleWebKit/537.36 (KHTML, like Gecko) Chrome/95.0.4638.54 Safari/537.36"
::1 - - [23/Oct/2021:09:39:26 +0000] "GET /teams/chennai-super-king HTTP/1.1" 304 - "-" "Mozilla/5.0 (X11; Linux x86_64) AppleWebKit/537.36 (KHTML, like Gecko) Chrome/95.0.4638.54 Safari/537.36"
::1 - - [23/Oct/2021:09:39:27 +0000] "GET /teams/chennai-super-king HTTP/1.1" 304 - "-" "Mozilla/5.0 (X11; Linux x86_64) AppleWebKit/537.36 (KHTML, like Gecko) Chrome/95.0.4638.54 Safari/537.36"
::1 - - [23/Oct/2021:09:39:27 +0000] "GET /teams/chennai-super-king HTTP/1.1" 304 - "-" "Mozilla/5.0 (X11; Linux x86_64) AppleWebKit/537.36 (KHTML, like Gecko) Chrome/95.0.4638.54 Safari/537.36"
::1 - - [23/Oct/2021:09:40:59 +0000] "GET /teams/chennai-super-king HTTP/1.1" 500 20 "-" "Mozilla/5.0 (X11; Linux x86_64) AppleWebKit/537.36 (KHTML, like Gecko) Chrome/95.0.4638.54 Safari/537.36"
::1 - - [23/Oct/2021:09:41:41 +0000] "GET /teams/chennai-super-king HTTP/1.1" 500 20 "-" "Mozilla/5.0 (X11; Linux x86_64) AppleWebKit/537.36 (KHTML, like Gecko) Chrome/95.0.4638.54 Safari/537.36"
::1 - - [23/Oct/2021:09:41:46 +0000] "GET /teams/chennai-super-king HTTP/1.1" 500 21 "-" "Mozilla/5.0 (X11; Linux x86_64) AppleWebKit/537.36 (KHTML, like Gecko) Chrome/95.0.4638.54 Safari/537.36"
::1 - - [23/Oct/2021:09:41:47 +0000] "GET /teams/chennai-super-king HTTP/1.1" 500 21 "-" "Mozilla/5.0 (X11; Linux x86_64) AppleWebKit/537.36 (KHTML, like Gecko) Chrome/95.0.4638.54 Safari/537.36"
::1 - - [23/Oct/2021:09:41:48 +0000] "GET /teams/chennai-super-king HTTP/1.1" 500 21 "-" "Mozilla/5.0 (X11; Linux x86_64) AppleWebKit/537.36 (KHTML, like Gecko) Chrome/95.0.4638.54 Safari/537.36"
::1 - - [23/Oct/2021:09:43:40 +0000] "GET /teams/chennai-super-king HTTP/1.1" 404 14 "-" "Mozilla/5.0 (X11; Linux x86_64) AppleWebKit/537.36 (KHTML, like Gecko) Chrome/95.0.4638.54 Safari/537.36"
::1 - - [23/Oct/2021:10:53:33 +0000] "GET /teams HTTP/1.1" 304 - "-" "Mozilla/5.0 (X11; Linux x86_64) AppleWebKit/537.36 (KHTML, like Gecko) Chrome/95.0.4638.54 Safari/537.36"
::1 - - [23/Oct/2021:10:53:33 +0000] "GET /favicon.ico HTTP/1.1" 404 14 "http://localhost:3000/teams" "Mozilla/5.0 (X11; Linux x86_64) AppleWebKit/537.36 (KHTML, like Gecko) Chrome/95.0.4638.54 Safari/537.36"
::1 - - [23/Oct/2021:10:53:44 +0000] "GET /teams/chennai-super-kings HTTP/1.1" 304 - "-" "Mozilla/5.0 (X11; Linux x86_64) AppleWebKit/537.36 (KHTML, like Gecko) Chrome/95.0.4638.54 Safari/537.36"
::1 - - [23/Oct/2021:11:32:59 +0000] "GET /teams/chennai-super-king HTTP/1.1" 404 14 "-" "Mozilla/5.0 (X11; Linux x86_64) AppleWebKit/537.36 (KHTML, like Gecko) Chrome/95.0.4638.54 Safari/537.36"
